<?xml version="1.0" encoding="UTF-8"?>
<!-- Generated by org.testng.reporters.JUnitReportReporter -->
<testsuite hostname="DESKTOP-32CF19A" failures="0" tests="3" name="MyTestCases" time="0.911" errors="0" timestamp="2023-03-07T20:18:58 GST" skipped="0">
  <testcase classname="MyTestCases" name="Randomly_select_number_of_visitor" time="0.173"/>
  <system-out/>
  <testcase classname="MyTestCases" name="Randomly_select_number_of_visitor" time="0.349"/>
  <system-out/>
  <testcase classname="MyTestCases" name="Randomly_select_number_of_visitor" time="0.389"/>
  <system-out/>
</testsuite> <!-- MyTestCases -->
