<?xml version="1.0" encoding="UTF-8"?>
<!-- Generated by org.testng.reporters.JUnitReportReporter -->
<testsuite hostname="DESKTOP-32CF19A" failures="0" tests="1" name="appium.MyClass" time="0.035" errors="0" timestamp="2023-04-12T00:59:52 GST" skipped="0">
  <testcase classname="appium.MyClass" name="MyFirstTest" time="0.035"/>
  <system-out/>
</testsuite> <!-- appium.MyClass -->
