<?xml version="1.0" encoding="UTF-8"?>
<!-- Generated by org.testng.reporters.JUnitReportReporter -->
<testsuite hostname="DESKTOP-32CF19A" failures="0" tests="1" name="test.MyClass" time="0.016" errors="0" timestamp="2023-02-25T22:16:43 GST" skipped="0">
  <testcase classname="test.MyClass" name="Test1" time="0.016"/>
  <system-out/>
</testsuite> <!-- test.MyClass -->
